[Licensing::Module] Trying to connect to existing licensing client channel...
Built from '6000.5/staging' branch; Version is '6000.5.1f1 (0d9463e84828) revision 889955'; Using compiler version '194234433'; Build Type 'Release'
[Licensing::IpcConnector] Successfully connected to: "LicenseClient-elias" at "2026-07-10T04:13:49.2557585Z"
OS: 'Windows 11  (10.0.26200) Professional' Language: 'en' Physical Memory: 16330 MB
BatchMode: 1, IsHumanControllingUs: 0, StartBugReporterOnCrash: 0, Is64bit: 1
System  architecture: x64
Process architecture: x64
Date: 2026-07-10T04:13:49Z

COMMAND LINE ARGUMENTS:
C:\Program Files\Unity\Hub\Editor\6000.5.1f1\Editor\Unity.exe
-adb2
-batchMode
-noUpm
-name
AssetImportWorkerHW0
-projectPath
C:/Users/elias/My project (8)/My project (1)
-logFile
Logs/AssetImportWorkerHW0.log
-srvPort
54425
-parentPid
10824
-analyticsCloudUserId
anonymous
-analyticsCloudProjectId
ec252e71-2c84-4cd0-8b11-70c4310c80df
-analyticsLocalProjectId
4a47b9d335a33214790c254409e382ba
-licensingIpc
LicenseClient-elias
-noDiagnosticSwitchPersistentStore
-job-worker-count
7
-background-job-worker-count
8
-asset-garbage-collectors
1
-force-d3d12
-name
AssetImport
Successfully changed project path to: C:/Users/elias/My project (8)/My project (1)
C:/Users/elias/My project (8)/My project (1)
[UnityMemory] Configuration Parameters - Can be set up in boot.config
    "memorysetup-temp-allocator-size-gi-baking-worker=262144"
    "memorysetup-temp-allocator-size-gi-baking-worker=262144"
    "memorysetup-temp-allocator-size-gi-baking-worker=262144"
    "memorysetup-temp-allocator-size-gi-baking-worker=262144"
    "memorysetup-temp-allocator-size-gi-baking-worker=262144"
    "memorysetup-temp-allocator-size-nav-mesh-worker=65536"
    "memorysetup-temp-allocator-size-audio-worker=65536"
    "memorysetup-temp-allocator-size-cloud-worker=32768"
    "memorysetup-temp-allocator-size-gfx=262144"
    "memorysetup-temp-allocator-size-preload-manager=33554432"
    "memorysetup-allocator-temp-initial-block-size-main=262144"
    "memorysetup-allocator-temp-initial-block-size-worker=262144"
    "memorysetup-temp-allocator-size-job-worker=262144"
    "memorysetup-temp-allocator-size-background-worker=32768"
    "memorysetup-bucket-allocator-granularity=16"
    "memorysetup-bucket-allocator-bucket-count=8"
    "memorysetup-bucket-allocator-block-size=33554432"
    "memorysetup-bucket-allocator-block-count=8"
    "memorysetup-main-allocator-block-size=16777216"
    "memorysetup-thread-allocator-block-size=16777216"
    "memorysetup-main-allocator-mimalloc-enabled=0"
    "memorysetup-gfx-main-allocator-block-size=16777216"
    "memorysetup-gfx-thread-allocator-block-size=16777216"
    "memorysetup-cache-allocator-block-size=4194304"
    "memorysetup-typetree-allocator-block-size=2097152"
    "memorysetup-profiler-bucket-allocator-granularity=16"
    "memorysetup-profiler-bucket-allocator-bucket-count=8"
    "memorysetup-profiler-bucket-allocator-block-size=33554432"
    "memorysetup-profiler-bucket-allocator-block-count=8"
    "memorysetup-profiler-allocator-block-size=16777216"
    "memorysetup-profiler-editor-allocator-block-size=1048576"
    "memorysetup-temp-allocator-size-main=16777216"
    "memorysetup-job-temp-allocator-block-size=2097152"
    "memorysetup-job-temp-allocator-block-size-background=1048576"
    "memorysetup-job-temp-allocator-reduction-small-platforms=262144"
Player connection [8164]  Target information:

Player connection [8164]  * "[IP] 10.5.0.2 [Port] 0 [Flags] 2 [Guid] 798261288 [EditorId] 798261288 [Version] 1048832 [Id] WindowsEditor(7,DESKTOP-3UI4J78) [Debug] 1 [PackageName] WindowsEditor [ProjectName] Editor" 

Player connection [8164]  * "[IP] 192.168.4.29 [Port] 0 [Flags] 2 [Guid] 798261288 [EditorId] 798261288 [Version] 1048832 [Id] WindowsEditor(7,DESKTOP-3UI4J78) [Debug] 1 [PackageName] WindowsEditor [ProjectName] Editor" 

Player connection [8164] Host joined multi-casting on [225.0.0.222:54997]...
Player connection [8164] Host joined alternative multi-casting on [225.0.0.222:34997]...
JobSystem: Creating JobQueue using job-worker-count value 7
Input System module state changed to: Initialized.
[Physics::Module] Initialized fallback backend.
[Physics::Module] Id: 0xdecafbad
Library Redirect Path: Library/
[Physics::Module] Selected backend.
[Physics::Module] Name: PhysX
[Physics::Module] Id: 0xf2b8ea05
[Physics::Module] SDK Version: 4.1.2
[Physics::Module] Integration Version: 1.0.0
[Physics::Module] Threading Mode: Multi-Threaded
Refreshing native plugins compatible for Editor in 4.75 ms, found 4 plugins.
Initialize engine version: 6000.5.1f1 (0d9463e84828)
[Subsystems] Discovering subsystems at path C:/Program Files/Unity/Hub/Editor/6000.5.1f1/Editor/Data/Resources/UnitySubsystems
[Subsystems] Discovering subsystems at path C:/Users/elias/My project (8)/My project (1)/Assets
Forcing GfxDevice: Direct3D 12
GfxDevice: creating device client; kGfxThreadingModeNonThreaded
d3d12: failed to query info queue interface (0x80004002).
Direct3D:
    Version:         Direct3D 12 [level 12.2]
    Renderer:        NVIDIA GeForce RTX 4060 (ID=0x2882)
    Vendor:          NVIDIA
    VRAM:            7957 MB
    App VRAM Budget: 7189 MB
    Driver:          32.0.16.1047
Initialize mono
Mono path[0] = 'C:/Program Files/Unity/Hub/Editor/6000.5.1f1/Editor/Data/Managed'
Mono path[1] = 'C:/Program Files/Unity/Hub/Editor/6000.5.1f1/Editor/Data/BCLExtensions/runtime/netstandard2.1'
Mono path[2] = 'C:/Program Files/Unity/Hub/Editor/6000.5.1f1/Editor/Data/MonoBleedingEdge/lib/mono/unityjit-win32'
Mono config path = 'C:/Program Files/Unity/Hub/Editor/6000.5.1f1/Editor/Data/MonoBleedingEdge/etc'
Using monoOptions --debugger-agent=transport=dt_socket,embedding=1,server=y,suspend=n,address=127.0.0.1:56704
CodeReloadManager initialized
Begin MonoManager ReloadAssembly
[Licensing::Client] Error: HandshakeResponse reported an error:
	ResponseCode: 505
	ResponseStatus: Unsupported protocol version '1.18.1'.
[Licensing::Module] Error: Failed to handshake to channel: "LicenseClient-elias"
[Licensing::IpcConnector] LicenseClient-elias channel disconnected successfully.
[Licensing::IpcConnector] Successfully connected to: "LicenseClient-elias-6000.5.1" at "2026-07-10T04:13:50.4867403Z"
[Licensing::Client] Code 10 while verifying Licensing Client signature (process Id: 14304, path: "C:/Program Files/Unity/Hub/Editor/6000.5.1f1/Editor/Data/Resources/Licensing/Client/Unity.Licensing.Client.exe")
[Licensing::Module] LicensingClient has failed validation; ignoring
[Licensing::Client] Handshaking with LicensingClient:
  Version:                 1.18.1+9fbee8e
  Session Id:              24aae7865f604b859dafa6e1ef88103c
  Correlation Id:          f9bda4f55ad253117766deff12aee68a
  External correlation Id: 1514686084321597375
  Machine Id:              cDwPRsF+P4JZL6+Z1ceQQ4FoOsI=
[Licensing::Module] Successfully connected to LicensingClient on channel: "LicenseClient-elias-6000.5.1" (connect: 0.00s, validation: 0.00s, handshake: 0.01s)
[Licensing::IpcConnector] Successfully connected to: "LicenseClient-elias-6000.5.1-notifications" at "2026-07-10T04:13:50.4986222Z"
[Licensing::Module] Licensing Background thread has ended after 1.24s
Registering precompiled unity dll's ...
Register platform support module: C:/Program Files/Unity/Hub/Editor/6000.5.1f1/Editor/Data/PlaybackEngines/WebGLSupport/UnityEditor.WebGL.Extensions.dll
Register platform support module: C:/Program Files/Unity/Hub/Editor/6000.5.1f1/Editor/Data/PlaybackEngines/WindowsStandaloneSupport/UnityEditor.WindowsStandalone.Extensions.dll
Registered in 0.004825 seconds.
Native extension for WindowsStandalone target not found
Native extension for WebGL target not found
Package Manager log level set to [2]
[Package Manager] Failed to launch server process. Reason: Unity was launched with the -noUpm command-line argument
[Package Manager] Unable to send message (not connected to server process).
[Package Manager] Cannot connect to Unity Package Manager local server
ScheduleIndexationOnStartup MainProcess:False IndexOnStartup:True
Mono: successfully reloaded assembly
- Finished resetting the current domain, in  0.384 seconds
Domain Reload Profiling: 1154ms
	BeginReloadAssembly (183ms)
	RebuildCommonClasses (6ms)
	RebuildNativeTypeToScriptingClass (24ms)
	initialDomainReloadingComplete (123ms)
	LoadAllAssembliesAndSetupDomain (431ms)
		LoadAssemblies (178ms)
		AnalyzeDomain (334ms)
			TypeCache.Refresh (332ms)
				TypeCache.ScanAssembly (314ms)
	FinalizeReload (386ms)
		SetupLoadedEditorAssemblies (0ms)
			InitializePlatformSupportModulesInManaged (3ms)
			BeforeProcessingInitializeOnLoad (95ms)
			ProcessInitializeOnLoadAttributes (106ms)
			ProcessInitializeOnLoadMethodAttributes (111ms)
Initializing Unity extensions:
[Licensing::Client] Successfully resolved entitlement details
[Licensing::Module] License group:
  Id: 3574430168528-UnityPersXXXX
  Product: Unity Personal
  Type: Assigned
  Expiration: Unlimited
Curl error 3: URL rejected: Malformed input to a URL function
========================================================================
Worker process is ready to serve import requests
Import Worker Mode flag is 0x00
Begin MonoManager ReloadAssembly
Refreshing native plugins compatible for Editor in 2.87 ms, found 4 plugins.
Native extension for WindowsStandalone target not found
Native extension for WebGL target not found
[Package Manager] Failed to launch server process. Reason: Unity was launched with the -noUpm command-line argument
[Package Manager] Unable to send message (not connected to server process).
[Package Manager] Cannot connect to Unity Package Manager local server
Refreshing native plugins compatible for Editor in 2.55 ms, found 4 plugins.
[Package Manager] Failed to launch server process. Reason: Unity was launched with the -noUpm command-line argument
[Package Manager] Unable to send message (not connected to server process).
[Package Manager] Cannot connect to Unity Package Manager local server
ScheduleIndexationOnStartup MainProcess:False IndexOnStartup:True
Mono: successfully reloaded assembly
- Finished resetting the current domain, in  0.843 seconds
Domain Reload Profiling: 2090ms
	BeginReloadAssembly (223ms)
		DisableScriptedObjects (6ms)
		CreateAndSetChildDomain (34ms)
	RebuildCommonClasses (9ms)
	RebuildNativeTypeToScriptingClass (19ms)
	initialDomainReloadingComplete (80ms)
	LoadAllAssembliesAndSetupDomain (914ms)
		LoadAssemblies (447ms)
		AnalyzeDomain (390ms)
			TypeCache.Refresh (270ms)
				TypeCache.ScanAssembly (252ms)
			BuildScriptInfoCaches (93ms)
			ResolveRequiredComponents (23ms)
	FinalizeReload (844ms)
		SetupLoadedEditorAssemblies (0ms)
			InitializePlatformSupportModulesInManaged (3ms)
			BeforeProcessingInitializeOnLoad (105ms)
			ProcessInitializeOnLoadAttributes (342ms)
			ProcessInitializeOnLoadMethodAttributes (124ms)
			AfterProcessingInitializeOnLoad (10ms)
		AwakeInstancesAfterBackupRestoration (3ms)
AcceleratorClientConnectionCallback - disconnected - :0
Launched and connected shader compiler UnityShaderCompiler.exe after 0.01 seconds
Refreshing native plugins compatible for Editor in 2.83 ms, found 4 plugins.
Unloading 22 Unused Serialized files (Serialized files now loaded: 0)
Curl error 3: URL rejected: Malformed input to a URL function
Unloading 6489 unused Assets / (6.6 MB). Loaded Objects now: 7328.
Memory consumption went from 321.6 MB to 315.0 MB.
Total: 13.427400 ms (FindLiveObjects: 1.083600 ms CreateObjectMapping: 3.839100 ms MarkObjects: 5.348100 ms  DeleteObjects: 3.154000 ms)

========================================================================
Received Prepare
AcceleratorClientConnectionCallback - disconnected - :0
Refreshing native plugins compatible for Editor in 2.28 ms, found 4 plugins.
Unloading 22 Unused Serialized files (Serialized files now loaded: 0)
Unloading 22 unused Assets / (2.6 MB). Loaded Objects now: 7328.
Memory consumption went from 314.5 MB to 311.9 MB.
Total: 7.057500 ms (FindLiveObjects: 0.321600 ms CreateObjectMapping: 0.856800 ms MarkObjects: 5.463400 ms  DeleteObjects: 0.415000 ms)

Prepare: number of updated asset objects reloaded= 0
========================================================================
Received Import Request.
  Time of request: 2026-07-10T04:14:39.1463769Z
  Time since last request: 869330.30092159996275 seconds.
  importAddress: GUID: 7dce573e2e9990448a3fc7738699ba1d - Path: Assets/Prefabs/Enemy/Enemy.prefab - Importer: PreviewImporter
Importing 'GUID: 7dce573e2e9990448a3fc7738699ba1d - Path: Assets/Prefabs/Enemy/Enemy.prefab - Importer: PreviewImporter' with importer (PreviewImporter)
Imported 'GUID: 7dce573e2e9990448a3fc7738699ba1d' -> (Import Result ID: '20c28185510ac15e5a9b455f5021dadc') in 0.588 seconds [static and dynamic dependencies]. Details - ImportResultOutputID=6bb7913660453f71685ef4dd708119e6 DependenciesID=8827ff3f2698dddce79c3422c7fe92d2 StaticDependenciesID=045d27230c48e812401e4be81066cbd9 
Number of updated asset objects reloaded before import = 0
Number of asset objects unloaded after import = 34
========================================================================
Received Import Request.
  Time of request: 2026-07-10T04:14:49.1646509Z
  Time since last request: 9.415715 seconds.
  importAddress: GUID: b0bf2dae409fc4640a872a8ab476f484 - Path: Assets/scripts/EnemySpawner.cs - Importer: PreviewImporter
Importing 'GUID: b0bf2dae409fc4640a872a8ab476f484 - Path: Assets/scripts/EnemySpawner.cs - Importer: PreviewImporter' with importer (PreviewImporter)
Imported 'GUID: b0bf2dae409fc4640a872a8ab476f484' -> (Import Result ID: '191600e5c0b2d09f186d95ee79a0e8a7') in 0.005 seconds [static and dynamic dependencies]. Details - ImportResultOutputID=602c877f2783e83a14539e163b3fbd84 DependenciesID=71673d38bfc5c54b68e2f830fbd774dd StaticDependenciesID=f7b71794a77660121b47487f298b4840 
Number of updated asset objects reloaded before import = 0
Number of asset objects unloaded after import = 0
========================================================================
Received Prepare
AcceleratorClientConnectionCallback - disconnected - :0
[Licensing::Client] Successfully resolved entitlement details
Begin MonoManager ReloadAssembly
Refreshing native plugins compatible for Editor in 2.26 ms, found 4 plugins.
Native extension for WindowsStandalone target not found
Native extension for WebGL target not found
[Package Manager] Failed to launch server process. Reason: Unity was launched with the -noUpm command-line argument
[Package Manager] Unable to send message (not connected to server process).
[Package Manager] Cannot connect to Unity Package Manager local server
[Package Manager] Failed to launch server process. Reason: Unity was launched with the -noUpm command-line argument
[Package Manager] Unable to send message (not connected to server process).
[Package Manager] Cannot connect to Unity Package Manager local server
ScheduleIndexationOnStartup MainProcess:False IndexOnStartup:True
Mono: successfully reloaded assembly
- Finished resetting the current domain, in  0.887 seconds
Domain Reload Profiling: 1931ms
	BeginReloadAssembly (270ms)
		DisableScriptedObjects (21ms)
		CreateAndSetChildDomain (61ms)
	RebuildCommonClasses (10ms)
	RebuildNativeTypeToScriptingClass (18ms)
	initialDomainReloadingComplete (83ms)
	LoadAllAssembliesAndSetupDomain (662ms)
		LoadAssemblies (400ms)
		AnalyzeDomain (225ms)
			TypeCache.Refresh (10ms)
			BuildScriptInfoCaches (201ms)
			ResolveRequiredComponents (11ms)
	FinalizeReload (888ms)
		SetupLoadedEditorAssemblies (0ms)
			InitializePlatformSupportModulesInManaged (3ms)
			BeforeProcessingInitializeOnLoad (107ms)
			ProcessInitializeOnLoadAttributes (324ms)
			ProcessInitializeOnLoadMethodAttributes (128ms)
			AfterProcessingInitializeOnLoad (13ms)
		AwakeInstancesAfterBackupRestoration (19ms)
Refreshing native plugins compatible for Editor in 2.47 ms, found 4 plugins.
Unloading 22 Unused Serialized files (Serialized files now loaded: 0)
Unloading 6487 unused Assets / (8.0 MB). Loaded Objects now: 7408.
Memory consumption went from 338.2 MB to 330.1 MB.
Total: 13.858800 ms (FindLiveObjects: 0.914400 ms CreateObjectMapping: 2.708700 ms MarkObjects: 5.796500 ms  DeleteObjects: 4.438300 ms)

Prepare: number of updated asset objects reloaded= 0
========================================================================
Received Import Request.
  Time of request: 2026-07-10T04:15:37.0537664Z
  Time since last request: 47.8750069 seconds.
  importAddress: GUID: b0bf2dae409fc4640a872a8ab476f484 - Path: Assets/scripts/EnemySpawner.cs - Importer: PreviewImporter
Importing 'GUID: b0bf2dae409fc4640a872a8ab476f484 - Path: Assets/scripts/EnemySpawner.cs - Importer: PreviewImporter' with importer (PreviewImporter)
Imported 'GUID: b0bf2dae409fc4640a872a8ab476f484' -> (Import Result ID: '551c706166396c237cc23a0552e5077b') in 0.003 seconds [static and dynamic dependencies]. Details - ImportResultOutputID=602c877f2783e83a14539e163b3fbd84 DependenciesID=8acddb853b3a5cbb84dd5cf8a140e488 StaticDependenciesID=104fe691d6caf7a920f2dbd65d340b16 
Number of updated asset objects reloaded before import = 0
Number of asset objects unloaded after import = 0
========================================================================
Received Import Request.
  Time of request: 2026-07-10T04:16:10.4778914Z
  Time since last request: 33.4096618 seconds.
  importAddress: GUID: b0bf2dae409fc4640a872a8ab476f484 - Path: Assets/scripts/EnemySpawner.cs - Importer: ScriptedImporter/UnityEditor.QuickSearchModule:UnityEditor.Search:ASIAI0B
Importing 'GUID: b0bf2dae409fc4640a872a8ab476f484 - Path: Assets/scripts/EnemySpawner.cs - Importer: ScriptedImporter/UnityEditor.QuickSearchModule:UnityEditor.Search:ASIAI0B' with importer (ScriptedImporter : UnityEditor.QuickSearchModule:UnityEditor.Search:ASIAI0B)
Imported 'GUID: b0bf2dae409fc4640a872a8ab476f484' -> (Import Result ID: 'dfd96d43d609c371d6dbbca78b7bd1af') in 0.110 seconds [static and dynamic dependencies]. Details - ImportResultOutputID=6297ea0effaa1a3760033bcd0f81fdb9 DependenciesID=516ee02d5878ed5efe698a5e6000dd32 StaticDependenciesID=abb108bf4d7bc11c3217c3791f0a390e 
Number of updated asset objects reloaded before import = 0
Number of asset objects unloaded after import = 0
========================================================================
Received Prepare
AcceleratorClientConnectionCallback - disconnected - :0
Refreshing native plugins compatible for Editor in 4.68 ms, found 4 plugins.
Unloading 22 Unused Serialized files (Serialized files now loaded: 0)
Unloading 6477 unused Assets / (6.0 MB). Loaded Objects now: 7409.
Memory consumption went from 338.3 MB to 332.3 MB.
Total: 14.424400 ms (FindLiveObjects: 1.128600 ms CreateObjectMapping: 3.909300 ms MarkObjects: 5.800800 ms  DeleteObjects: 3.585000 ms)

Prepare: number of updated asset objects reloaded= 0
========================================================================
Received Import Request.
  Time of request: 2026-07-10T04:16:28.1028565Z
  Time since last request: 17.4967802 seconds.
  importAddress: GUID: fd5299ba770315145ab2a26c5db96d47 - Path: Assets/scripts/WaveManager.cs - Importer: ScriptedImporter/UnityEditor.QuickSearchModule:UnityEditor.Search:ASIAI0B
Importing 'GUID: fd5299ba770315145ab2a26c5db96d47 - Path: Assets/scripts/WaveManager.cs - Importer: ScriptedImporter/UnityEditor.QuickSearchModule:UnityEditor.Search:ASIAI0B' with importer (ScriptedImporter : UnityEditor.QuickSearchModule:UnityEditor.Search:ASIAI0B)
Imported 'GUID: fd5299ba770315145ab2a26c5db96d47' -> (Import Result ID: 'faa6d6b25b396100ff0683a4d414689c') in 0.004 seconds [static and dynamic dependencies]. Details - ImportResultOutputID=57f48c39347233de3fa0782b54cc43c8 DependenciesID=218b24fe2a5702232d3f26650b04eaf6 StaticDependenciesID=c0dccb4d17b35fd5542d653bd6ef944a 
Number of updated asset objects reloaded before import = 0
Number of asset objects unloaded after import = 0
========================================================================
Received Prepare
AcceleratorClientConnectionCallback - disconnected - :0
[Licensing::Client] Successfully resolved entitlement details
Begin MonoManager ReloadAssembly
Refreshing native plugins compatible for Editor in 3.27 ms, found 4 plugins.
Native extension for WindowsStandalone target not found
Native extension for WebGL target not found
[Package Manager] Failed to launch server process. Reason: Unity was launched with the -noUpm command-line argument
[Package Manager] Unable to send message (not connected to server process).
[Package Manager] Cannot connect to Unity Package Manager local server
[Package Manager] Failed to launch server process. Reason: Unity was launched with the -noUpm command-line argument
[Package Manager] Unable to send message (not connected to server process).
[Package Manager] Cannot connect to Unity Package Manager local server
ScheduleIndexationOnStartup MainProcess:False IndexOnStartup:True
Mono: successfully reloaded assembly
- Finished resetting the current domain, in  1.024 seconds
Domain Reload Profiling: 2266ms
	BeginReloadAssembly (286ms)
		DisableScriptedObjects (9ms)
		CreateAndSetChildDomain (62ms)
	RebuildCommonClasses (12ms)
	RebuildNativeTypeToScriptingClass (27ms)
	initialDomainReloadingComplete (95ms)
	LoadAllAssembliesAndSetupDomain (821ms)
		LoadAssemblies (493ms)
		AnalyzeDomain (283ms)
			TypeCache.Refresh (14ms)
			BuildScriptInfoCaches (259ms)
			ResolveRequiredComponents (9ms)
	FinalizeReload (1026ms)
		SetupLoadedEditorAssemblies (0ms)
			InitializePlatformSupportModulesInManaged (4ms)
			BeforeProcessingInitializeOnLoad (126ms)
			ProcessInitializeOnLoadAttributes (409ms)
			ProcessInitializeOnLoadMethodAttributes (157ms)
			AfterProcessingInitializeOnLoad (15ms)
		AwakeInstancesAfterBackupRestoration (25ms)
Refreshing native plugins compatible for Editor in 3.02 ms, found 4 plugins.
Unloading 22 Unused Serialized files (Serialized files now loaded: 0)
Unloading 6488 unused Assets / (5.7 MB). Loaded Objects now: 7412.
Memory consumption went from 340.6 MB to 334.9 MB.
Total: 11.884500 ms (FindLiveObjects: 0.627100 ms CreateObjectMapping: 3.221900 ms MarkObjects: 5.215800 ms  DeleteObjects: 2.818800 ms)

Prepare: number of updated asset objects reloaded= 0
========================================================================
Received Import Request.
  Time of request: 2026-07-10T04:16:41.9161399Z
  Time since last request: 13.7986501 seconds.
  importAddress: GUID: fd5299ba770315145ab2a26c5db96d47 - Path: Assets/scripts/WaveManager.cs - Importer: PreviewImporter
Importing 'GUID: fd5299ba770315145ab2a26c5db96d47 - Path: Assets/scripts/WaveManager.cs - Importer: PreviewImporter' with importer (PreviewImporter)
Imported 'GUID: fd5299ba770315145ab2a26c5db96d47' -> (Import Result ID: '9bbb9c2625054b670e7686285877ec3a') in 0.002 seconds [static and dynamic dependencies]. Details - ImportResultOutputID=4b7bada1b3ab41a661f9471e3ea66da7 DependenciesID=4753fffbe7dcd95a4ca4a0c1590796e3 StaticDependenciesID=1e6b67c546735158d76d4efc2a0dd4dc 
Number of updated asset objects reloaded before import = 0
Number of asset objects unloaded after import = 0
========================================================================
Received Import Request.
  Time of request: 2026-07-10T04:25:38.0406888Z
  Time since last request: 536.11071019999997 seconds.
  importAddress: GUID: 10fc4df2da32a41aaa32d77bc913491c - Path: Assets/Settings/SampleSceneProfile.asset - Importer: PreviewImporter
Importing 'GUID: 10fc4df2da32a41aaa32d77bc913491c - Path: Assets/Settings/SampleSceneProfile.asset - Importer: PreviewImporter' with importer (PreviewImporter)
Imported 'GUID: 10fc4df2da32a41aaa32d77bc913491c' -> (Import Result ID: 'cbdd9c72700d93631473b3184a20afc8') in 0.019 seconds [static and dynamic dependencies]. Details - ImportResultOutputID=1ad280767d0147e753bc6289476229da DependenciesID=a6ca8381df5f7eeffb11524628ddc55b StaticDependenciesID=61c30e3c5c6ed5e25892c5790ee61c1c 
Number of updated asset objects reloaded before import = 0
Number of asset objects unloaded after import = 0
========================================================================
Received Prepare
AcceleratorClientConnectionCallback - disconnected - :0
[Licensing::Client] Successfully resolved entitlement details
Begin MonoManager ReloadAssembly
Refreshing native plugins compatible for Editor in 2.59 ms, found 4 plugins.
Native extension for WindowsStandalone target not found
Native extension for WebGL target not found
[Package Manager] Failed to launch server process. Reason: Unity was launched with the -noUpm command-line argument
[Package Manager] Unable to send message (not connected to server process).
[Package Manager] Cannot connect to Unity Package Manager local server
[Package Manager] Failed to launch server process. Reason: Unity was launched with the -noUpm command-line argument
[Package Manager] Unable to send message (not connected to server process).
[Package Manager] Cannot connect to Unity Package Manager local server
ScheduleIndexationOnStartup MainProcess:False IndexOnStartup:True
Mono: successfully reloaded assembly
- Finished resetting the current domain, in  0.823 seconds
Domain Reload Profiling: 1610ms
	BeginReloadAssembly (239ms)
		DisableScriptedObjects (6ms)
		CreateAndSetChildDomain (49ms)
	RebuildCommonClasses (9ms)
	RebuildNativeTypeToScriptingClass (19ms)
	initialDomainReloadingComplete (80ms)
	LoadAllAssembliesAndSetupDomain (440ms)
		LoadAssemblies (384ms)
		AnalyzeDomain (19ms)
			TypeCache.Refresh (7ms)
			ResolveRequiredComponents (9ms)
	FinalizeReload (824ms)
		SetupLoadedEditorAssemblies (0ms)
			InitializePlatformSupportModulesInManaged (3ms)
			BeforeProcessingInitializeOnLoad (107ms)
			ProcessInitializeOnLoadAttributes (323ms)
			ProcessInitializeOnLoadMethodAttributes (131ms)
			AfterProcessingInitializeOnLoad (12ms)
		AwakeInstancesAfterBackupRestoration (27ms)
Refreshing native plugins compatible for Editor in 2.80 ms, found 4 plugins.
Unloading 22 Unused Serialized files (Serialized files now loaded: 0)
Unloading 6488 unused Assets / (6.3 MB). Loaded Objects now: 7415.
Memory consumption went from 337.7 MB to 331.4 MB.
Total: 12.446400 ms (FindLiveObjects: 0.886400 ms CreateObjectMapping: 2.767900 ms MarkObjects: 5.971300 ms  DeleteObjects: 2.819300 ms)

Prepare: number of updated asset objects reloaded= 0
========================================================================
Received Prepare
AcceleratorClientConnectionCallback - disconnected - :0
Refreshing native plugins compatible for Editor in 2.76 ms, found 4 plugins.
Unloading 22 Unused Serialized files (Serialized files now loaded: 0)
Unloading 22 unused Assets / (2.6 MB). Loaded Objects now: 7415.
Memory consumption went from 335.8 MB to 333.2 MB.
Total: 7.956800 ms (FindLiveObjects: 0.408100 ms CreateObjectMapping: 1.091200 ms MarkObjects: 5.881100 ms  DeleteObjects: 0.575000 ms)

Prepare: number of updated asset objects reloaded= 0
========================================================================
Received Import Request.
  Time of request: 2026-07-10T04:34:37.3417679Z
  Time since last request: 539.27243220000003 seconds.
  importAddress: GUID: be999f282bf3cf642a07f7612b36e8ec - Path: Assets/Prefabs/Enemy/Enemy 1.prefab - Importer: ScriptedImporter/UnityEditor.QuickSearchModule:UnityEditor.Search:ASIAI0B
Importing 'GUID: be999f282bf3cf642a07f7612b36e8ec - Path: Assets/Prefabs/Enemy/Enemy 1.prefab - Importer: ScriptedImporter/UnityEditor.QuickSearchModule:UnityEditor.Search:ASIAI0B' with importer (ScriptedImporter : UnityEditor.QuickSearchModule:UnityEditor.Search:ASIAI0B)
Imported 'GUID: be999f282bf3cf642a07f7612b36e8ec' -> (Import Result ID: '698470bd14c8a1cebd01914c6f4ee73e') in 0.118 seconds [static and dynamic dependencies]. Details - ImportResultOutputID=f0493d6dfd6cbf1808ecfad9e0de2e21 DependenciesID=32ab387854a7b7295bc8052ce4ec439b StaticDependenciesID=c7922f7f926cc40092bfd7c5367e90d8 
Number of updated asset objects reloaded before import = 0
Number of asset objects unloaded after import = 32
========================================================================
Received Prepare
AcceleratorClientConnectionCallback - disconnected - :0
[Licensing::Client] Successfully resolved entitlement details
Begin MonoManager ReloadAssembly
Refreshing native plugins compatible for Editor in 2.45 ms, found 4 plugins.
Native extension for WindowsStandalone target not found
Native extension for WebGL target not found
[Package Manager] Failed to launch server process. Reason: Unity was launched with the -noUpm command-line argument
[Package Manager] Unable to send message (not connected to server process).
[Package Manager] Cannot connect to Unity Package Manager local server
[Package Manager] Failed to launch server process. Reason: Unity was launched with the -noUpm command-line argument
[Package Manager] Unable to send message (not connected to server process).
[Package Manager] Cannot connect to Unity Package Manager local server
ScheduleIndexationOnStartup MainProcess:False IndexOnStartup:True
Mono: successfully reloaded assembly
- Finished resetting the current domain, in  0.854 seconds
Domain Reload Profiling: 1670ms
	BeginReloadAssembly (250ms)
		DisableScriptedObjects (9ms)
		CreateAndSetChildDomain (50ms)
	RebuildCommonClasses (10ms)
	RebuildNativeTypeToScriptingClass (18ms)
	initialDomainReloadingComplete (78ms)
	LoadAllAssembliesAndSetupDomain (460ms)
		LoadAssemblies (406ms)
		AnalyzeDomain (20ms)
			TypeCache.Refresh (7ms)
			ResolveRequiredComponents (9ms)
	FinalizeReload (855ms)
		SetupLoadedEditorAssemblies (0ms)
			InitializePlatformSupportModulesInManaged (3ms)
			BeforeProcessingInitializeOnLoad (104ms)
			ProcessInitializeOnLoadAttributes (334ms)
			ProcessInitializeOnLoadMethodAttributes (139ms)
			AfterProcessingInitializeOnLoad (13ms)
		AwakeInstancesAfterBackupRestoration (24ms)
Refreshing native plugins compatible for Editor in 2.65 ms, found 4 plugins.
Unloading 22 Unused Serialized files (Serialized files now loaded: 0)
Unloading 6488 unused Assets / (6.5 MB). Loaded Objects now: 7418.
Memory consumption went from 343.2 MB to 336.7 MB.
Total: 12.850700 ms (FindLiveObjects: 0.974700 ms CreateObjectMapping: 2.801500 ms MarkObjects: 5.860100 ms  DeleteObjects: 3.213300 ms)

Prepare: number of updated asset objects reloaded= 0
========================================================================
Received Prepare
AcceleratorClientConnectionCallback - disconnected - :0
Refreshing native plugins compatible for Editor in 2.41 ms, found 4 plugins.
Unloading 22 Unused Serialized files (Serialized files now loaded: 0)
Unloading 22 unused Assets / (2.6 MB). Loaded Objects now: 7418.
Memory consumption went from 341.3 MB to 338.7 MB.
Total: 8.517900 ms (FindLiveObjects: 0.415400 ms CreateObjectMapping: 1.046200 ms MarkObjects: 6.575200 ms  DeleteObjects: 0.480400 ms)

Prepare: number of updated asset objects reloaded= 0
========================================================================
Received Prepare
AcceleratorClientConnectionCallback - disconnected - :0
[Licensing::Client] Successfully resolved entitlement details
Begin MonoManager ReloadAssembly
Refreshing native plugins compatible for Editor in 2.27 ms, found 4 plugins.
Native extension for WindowsStandalone target not found
Native extension for WebGL target not found
[Package Manager] Failed to launch server process. Reason: Unity was launched with the -noUpm command-line argument
[Package Manager] Unable to send message (not connected to server process).
[Package Manager] Cannot connect to Unity Package Manager local server
[Package Manager] Failed to launch server process. Reason: Unity was launched with the -noUpm command-line argument
[Package Manager] Unable to send message (not connected to server process).
[Package Manager] Cannot connect to Unity Package Manager local server
ScheduleIndexationOnStartup MainProcess:False IndexOnStartup:True
Mono: successfully reloaded assembly
- Finished resetting the current domain, in  0.911 seconds
Domain Reload Profiling: 1718ms
	BeginReloadAssembly (245ms)
		DisableScriptedObjects (7ms)
		CreateAndSetChildDomain (48ms)
	RebuildCommonClasses (10ms)
	RebuildNativeTypeToScriptingClass (19ms)
	initialDomainReloadingComplete (79ms)
	LoadAllAssembliesAndSetupDomain (452ms)
		LoadAssemblies (397ms)
		AnalyzeDomain (22ms)
			TypeCache.Refresh (8ms)
			ResolveRequiredComponents (9ms)
	FinalizeReload (913ms)
		SetupLoadedEditorAssemblies (0ms)
			InitializePlatformSupportModulesInManaged (3ms)
			BeforeProcessingInitializeOnLoad (110ms)
			ProcessInitializeOnLoadAttributes (362ms)
			ProcessInitializeOnLoadMethodAttributes (152ms)
			AfterProcessingInitializeOnLoad (13ms)
		AwakeInstancesAfterBackupRestoration (27ms)
Refreshing native plugins compatible for Editor in 2.94 ms, found 4 plugins.
Unloading 22 Unused Serialized files (Serialized files now loaded: 0)
Unloading 6488 unused Assets / (6.4 MB). Loaded Objects now: 7421.
Memory consumption went from 348.7 MB to 342.3 MB.
Total: 12.680000 ms (FindLiveObjects: 0.738700 ms CreateObjectMapping: 2.910800 ms MarkObjects: 5.880100 ms  DeleteObjects: 3.149300 ms)

Prepare: number of updated asset objects reloaded= 0
========================================================================
Received Prepare
AcceleratorClientConnectionCallback - disconnected - :0
Refreshing native plugins compatible for Editor in 2.41 ms, found 4 plugins.
Unloading 22 Unused Serialized files (Serialized files now loaded: 0)
Unloading 22 unused Assets / (2.6 MB). Loaded Objects now: 7421.
Memory consumption went from 346.8 MB to 344.2 MB.
Total: 7.671800 ms (FindLiveObjects: 0.357400 ms CreateObjectMapping: 0.929400 ms MarkObjects: 5.828300 ms  DeleteObjects: 0.555600 ms)

Prepare: number of updated asset objects reloaded= 0
========================================================================
Received Import Request.
  Time of request: 2026-07-10T05:01:06.3898126Z
  Time since last request: 1588.91729480000004 seconds.
  importAddress: GUID: f62dda4b7b2c51f4a9cd40fbf7a2ebdc - Path: Assets/Prefabs/PNG/ShotgunSprite.png - Importer: PreviewImporter
Importing 'GUID: f62dda4b7b2c51f4a9cd40fbf7a2ebdc - Path: Assets/Prefabs/PNG/ShotgunSprite.png - Importer: PreviewImporter' with importer (PreviewImporter)
Imported 'GUID: f62dda4b7b2c51f4a9cd40fbf7a2ebdc' -> (Import Result ID: 'cbcaeda4d108a94f28d7966729f0d040') in 0.081 seconds [static and dynamic dependencies]. Details - ImportResultOutputID=ffe7d41591327cfd62849cbd6681d56a DependenciesID=a134bb44e7540a1a7eafac21ddaf5f19 StaticDependenciesID=fa7d74c42e349293c2ffa18b111a7847 
Number of updated asset objects reloaded before import = 0
Number of asset objects unloaded after import = 2
========================================================================
Received Import Request.
  Time of request: 2026-07-10T05:01:06.4837982Z
  Time since last request: 0.0012643 seconds.
  importAddress: GUID: f62dda4b7b2c51f4a9cd40fbf7a2ebdc - Path: Assets/Prefabs/PNG/ShotgunSprite.png - Importer: ScriptedImporter/UnityEditor.QuickSearchModule:UnityEditor.Search:ASIAI0B
Importing 'GUID: f62dda4b7b2c51f4a9cd40fbf7a2ebdc - Path: Assets/Prefabs/PNG/ShotgunSprite.png - Importer: ScriptedImporter/UnityEditor.QuickSearchModule:UnityEditor.Search:ASIAI0B' with importer (ScriptedImporter : UnityEditor.QuickSearchModule:UnityEditor.Search:ASIAI0B)
Imported 'GUID: f62dda4b7b2c51f4a9cd40fbf7a2ebdc' -> (Import Result ID: 'cc8dbd05d3fb6b2decd5238b11cca30c') in 0.104 seconds [static and dynamic dependencies]. Details - ImportResultOutputID=b2060b2bf0300bb723dde03072b57f50 DependenciesID=20e0c9b758d1c34de4cbb225b169243e StaticDependenciesID=0bae8f7391ef498aca125491580bb402 
Number of updated asset objects reloaded before import = 0
Number of asset objects unloaded after import = 1
========================================================================
Received Import Request.
  Time of request: 2026-07-10T05:01:13.0117453Z
  Time since last request: 6.4120404 seconds.
  importAddress: GUID: f62dda4b7b2c51f4a9cd40fbf7a2ebdc - Path: Assets/Prefabs/PNG/ShotgunSprite.png - Importer: PreviewImporter
Importing 'GUID: f62dda4b7b2c51f4a9cd40fbf7a2ebdc - Path: Assets/Prefabs/PNG/ShotgunSprite.png - Importer: PreviewImporter' with importer (PreviewImporter)
Imported 'GUID: f62dda4b7b2c51f4a9cd40fbf7a2ebdc' -> (Import Result ID: '906569eaad6a7893ca9bea921068ea58') in 0.037 seconds [static and dynamic dependencies]. Details - ImportResultOutputID=9cfbb5d509c0dcc65aa74c70dab50b5c DependenciesID=42d65e0757bf4744489dd4ea85a3e16a StaticDependenciesID=674f9802f0f63751d84420bc52fc1675 
Number of updated asset objects reloaded before import = 0
Number of asset objects unloaded after import = 3
========================================================================
Received Import Request.
  Time of request: 2026-07-10T05:01:13.9945169Z
  Time since last request: 0.93454 seconds.
  importAddress: GUID: f62dda4b7b2c51f4a9cd40fbf7a2ebdc - Path: Assets/Prefabs/PNG/ShotgunSprite.png - Importer: ScriptedImporter/UnityEditor.QuickSearchModule:UnityEditor.Search:ASIAI0B
Importing 'GUID: f62dda4b7b2c51f4a9cd40fbf7a2ebdc - Path: Assets/Prefabs/PNG/ShotgunSprite.png - Importer: ScriptedImporter/UnityEditor.QuickSearchModule:UnityEditor.Search:ASIAI0B' with importer (ScriptedImporter : UnityEditor.QuickSearchModule:UnityEditor.Search:ASIAI0B)
Imported 'GUID: f62dda4b7b2c51f4a9cd40fbf7a2ebdc' -> (Import Result ID: '46341ffc6308c8ccc4dd2e0443bc6986') in 0.021 seconds [static and dynamic dependencies]. Details - ImportResultOutputID=087387400ea063b47d1338f7727b6e97 DependenciesID=4872c073c24ca3eac0bcff61bfd0eaab StaticDependenciesID=429018648bde04db0355f6d1f045f2fc 
Number of updated asset objects reloaded before import = 0
Number of asset objects unloaded after import = 3
========================================================================
Received Import Request.
  Time of request: 2026-07-10T05:01:18.3771352Z
  Time since last request: 4.3521107 seconds.
  importAddress: GUID: 8372db2496d5782468dc3086f924fba2 - Path: Assets/Prefabs/PNG/ShotgunMuzzleFlash.png - Importer: PreviewImporter
Importing 'GUID: 8372db2496d5782468dc3086f924fba2 - Path: Assets/Prefabs/PNG/ShotgunMuzzleFlash.png - Importer: PreviewImporter' with importer (PreviewImporter)
Imported 'GUID: 8372db2496d5782468dc3086f924fba2' -> (Import Result ID: '3516d2e19fe30faad372fef0d30a394d') in 0.019 seconds [static and dynamic dependencies]. Details - ImportResultOutputID=c02e05117f6f297e6e5be3a6d269b6dc DependenciesID=1d2ff71a7af0ede13122bc14b55fc6b3 StaticDependenciesID=d189bc7e377767210cce43926c5ec74d 
Number of updated asset objects reloaded before import = 0
Number of asset objects unloaded after import = 2
========================================================================
Received Import Request.
  Time of request: 2026-07-10T05:01:19.3502768Z
  Time since last request: 0.9401469 seconds.
  importAddress: GUID: 8372db2496d5782468dc3086f924fba2 - Path: Assets/Prefabs/PNG/ShotgunMuzzleFlash.png - Importer: ScriptedImporter/UnityEditor.QuickSearchModule:UnityEditor.Search:ASIAI0B
Importing 'GUID: 8372db2496d5782468dc3086f924fba2 - Path: Assets/Prefabs/PNG/ShotgunMuzzleFlash.png - Importer: ScriptedImporter/UnityEditor.QuickSearchModule:UnityEditor.Search:ASIAI0B' with importer (ScriptedImporter : UnityEditor.QuickSearchModule:UnityEditor.Search:ASIAI0B)
Imported 'GUID: 8372db2496d5782468dc3086f924fba2' -> (Import Result ID: '48fd2467024d8dc0cc4bfe32df706c1e') in 0.139 seconds [static and dynamic dependencies]. Details - ImportResultOutputID=840d2d422de48b81b3ad79a96a710c14 DependenciesID=08142acd6c5c5c8c1bedefca90edfb0a StaticDependenciesID=dd10191fe9e5afa15f1a6f7a301fb414 
Number of updated asset objects reloaded before import = 0
Number of asset objects unloaded after import = 1
========================================================================
Received Import Request.
  Time of request: 2026-07-10T05:01:27.3835251Z
  Time since last request: 7.8836951 seconds.
  importAddress: GUID: 8372db2496d5782468dc3086f924fba2 - Path: Assets/Prefabs/PNG/ShotgunMuzzleFlash.png - Importer: PreviewImporter
Importing 'GUID: 8372db2496d5782468dc3086f924fba2 - Path: Assets/Prefabs/PNG/ShotgunMuzzleFlash.png - Importer: PreviewImporter' with importer (PreviewImporter)
Imported 'GUID: 8372db2496d5782468dc3086f924fba2' -> (Import Result ID: '95c9a2e64b48469dfb6491e9ad96f2d4') in 0.025 seconds [static and dynamic dependencies]. Details - ImportResultOutputID=35303a399cfc72cc326a86ad9329bad8 DependenciesID=4ef51948ff3b56af1a9237b5ff998e88 StaticDependenciesID=e51772ffbed510c42158988b566d0cd1 
Number of updated asset objects reloaded before import = 0
Number of asset objects unloaded after import = 3
========================================================================
Received Import Request.
  Time of request: 2026-07-10T05:01:28.3670272Z
  Time since last request: 0.9481713 seconds.
  importAddress: GUID: 8372db2496d5782468dc3086f924fba2 - Path: Assets/Prefabs/PNG/ShotgunMuzzleFlash.png - Importer: ScriptedImporter/UnityEditor.QuickSearchModule:UnityEditor.Search:ASIAI0B
Importing 'GUID: 8372db2496d5782468dc3086f924fba2 - Path: Assets/Prefabs/PNG/ShotgunMuzzleFlash.png - Importer: ScriptedImporter/UnityEditor.QuickSearchModule:UnityEditor.Search:ASIAI0B' with importer (ScriptedImporter : UnityEditor.QuickSearchModule:UnityEditor.Search:ASIAI0B)
Imported 'GUID: 8372db2496d5782468dc3086f924fba2' -> (Import Result ID: 'bfab581096e1d4f0c7ec460af142c0d0') in 0.011 seconds [static and dynamic dependencies]. Details - ImportResultOutputID=7e3450f48134d771f82e0b6e12681516 DependenciesID=2664ca061358e2d575c3126ebd1ec267 StaticDependenciesID=ccbd84629780a07e295e0777879e50d0 
Number of updated asset objects reloaded before import = 0
Number of asset objects unloaded after import = 3
========================================================================
Received Prepare
AcceleratorClientConnectionCallback - disconnected - :0
[Licensing::Client] Successfully resolved entitlement details
Begin MonoManager ReloadAssembly
Refreshing native plugins compatible for Editor in 2.39 ms, found 4 plugins.
Native extension for WindowsStandalone target not found
Native extension for WebGL target not found
[Package Manager] Failed to launch server process. Reason: Unity was launched with the -noUpm command-line argument
[Package Manager] Unable to send message (not connected to server process).
[Package Manager] Cannot connect to Unity Package Manager local server
[Package Manager] Failed to launch server process. Reason: Unity was launched with the -noUpm command-line argument
[Package Manager] Unable to send message (not connected to server process).
[Package Manager] Cannot connect to Unity Package Manager local server
ScheduleIndexationOnStartup MainProcess:False IndexOnStartup:True
Mono: successfully reloaded assembly
- Finished resetting the current domain, in  0.850 seconds
Domain Reload Profiling: 1749ms
	BeginReloadAssembly (259ms)
		DisableScriptedObjects (7ms)
		CreateAndSetChildDomain (53ms)
	RebuildCommonClasses (11ms)
	RebuildNativeTypeToScriptingClass (19ms)
	initialDomainReloadingComplete (84ms)
	LoadAllAssembliesAndSetupDomain (525ms)
		LoadAssemblies (466ms)
		AnalyzeDomain (20ms)
			TypeCache.Refresh (7ms)
			ResolveRequiredComponents (9ms)
	FinalizeReload (851ms)
		SetupLoadedEditorAssemblies (0ms)
			InitializePlatformSupportModulesInManaged (3ms)
			BeforeProcessingInitializeOnLoad (108ms)
			ProcessInitializeOnLoadAttributes (330ms)
			ProcessInitializeOnLoadMethodAttributes (138ms)
			AfterProcessingInitializeOnLoad (13ms)
		AwakeInstancesAfterBackupRestoration (26ms)
Refreshing native plugins compatible for Editor in 3.05 ms, found 4 plugins.
Unloading 22 Unused Serialized files (Serialized files now loaded: 0)
Unloading 6488 unused Assets / (5.9 MB). Loaded Objects now: 7428.
Memory consumption went from 338.1 MB to 332.3 MB.
Total: 13.251000 ms (FindLiveObjects: 0.692000 ms CreateObjectMapping: 2.634600 ms MarkObjects: 6.640000 ms  DeleteObjects: 3.283300 ms)

Prepare: number of updated asset objects reloaded= 0
========================================================================
Received Prepare
AcceleratorClientConnectionCallback - disconnected - :0
Begin MonoManager ReloadAssembly
Refreshing native plugins compatible for Editor in 2.20 ms, found 4 plugins.
Native extension for WindowsStandalone target not found
Native extension for WebGL target not found
[Package Manager] Failed to launch server process. Reason: Unity was launched with the -noUpm command-line argument
[Package Manager] Unable to send message (not connected to server process).
[Package Manager] Cannot connect to Unity Package Manager local server
[Package Manager] Failed to launch server process. Reason: Unity was launched with the -noUpm command-line argument
[Package Manager] Unable to send message (not connected to server process).
[Package Manager] Cannot connect to Unity Package Manager local server
ScheduleIndexationOnStartup MainProcess:False IndexOnStartup:True
Mono: successfully reloaded assembly
- Finished resetting the current domain, in  0.848 seconds
Domain Reload Profiling: 1672ms
	BeginReloadAssembly (259ms)
		DisableScriptedObjects (7ms)
		CreateAndSetChildDomain (51ms)
	RebuildCommonClasses (10ms)
	RebuildNativeTypeToScriptingClass (19ms)
	initialDomainReloadingComplete (79ms)
	LoadAllAssembliesAndSetupDomain (457ms)
		LoadAssemblies (412ms)
		AnalyzeDomain (20ms)
			TypeCache.Refresh (6ms)
			ResolveRequiredComponents (9ms)
	FinalizeReload (849ms)
		SetupLoadedEditorAssemblies (0ms)
			InitializePlatformSupportModulesInManaged (3ms)
			BeforeProcessingInitializeOnLoad (108ms)
			ProcessInitializeOnLoadAttributes (327ms)
			ProcessInitializeOnLoadMethodAttributes (142ms)
			AfterProcessingInitializeOnLoad (14ms)
		AwakeInstancesAfterBackupRestoration (26ms)
Refreshing native plugins compatible for Editor in 2.94 ms, found 4 plugins.
Unloading 22 Unused Serialized files (Serialized files now loaded: 0)
Unloading 6488 unused Assets / (6.6 MB). Loaded Objects now: 7431.
Memory consumption went from 340.9 MB to 334.3 MB.
Total: 12.776700 ms (FindLiveObjects: 0.772800 ms CreateObjectMapping: 2.743600 ms MarkObjects: 6.055400 ms  DeleteObjects: 3.203800 ms)

Prepare: number of updated asset objects reloaded= 0
========================================================================
Received Prepare
AcceleratorClientConnectionCallback - disconnected - :0
[Licensing::Client] Successfully resolved entitlement details
Begin MonoManager ReloadAssembly
Refreshing native plugins compatible for Editor in 2.42 ms, found 4 plugins.
Native extension for WindowsStandalone target not found
Native extension for WebGL target not found
[Package Manager] Failed to launch server process. Reason: Unity was launched with the -noUpm command-line argument
[Package Manager] Unable to send message (not connected to server process).
[Package Manager] Cannot connect to Unity Package Manager local server
[Package Manager] Failed to launch server process. Reason: Unity was launched with the -noUpm command-line argument
[Package Manager] Unable to send message (not connected to server process).
[Package Manager] Cannot connect to Unity Package Manager local server
ScheduleIndexationOnStartup MainProcess:False IndexOnStartup:True
Mono: successfully reloaded assembly
- Finished resetting the current domain, in  0.909 seconds
Domain Reload Profiling: 1994ms
	BeginReloadAssembly (269ms)
		DisableScriptedObjects (8ms)
		CreateAndSetChildDomain (53ms)
	RebuildCommonClasses (11ms)
	RebuildNativeTypeToScriptingClass (20ms)
	initialDomainReloadingComplete (82ms)
	LoadAllAssembliesAndSetupDomain (701ms)
		LoadAssemblies (425ms)
		AnalyzeDomain (246ms)
			TypeCache.Refresh (11ms)
			BuildScriptInfoCaches (223ms)
			ResolveRequiredComponents (10ms)
	FinalizeReload (911ms)
		SetupLoadedEditorAssemblies (0ms)
			InitializePlatformSupportModulesInManaged (3ms)
			BeforeProcessingInitializeOnLoad (104ms)
			ProcessInitializeOnLoadAttributes (386ms)
			ProcessInitializeOnLoadMethodAttributes (146ms)
			AfterProcessingInitializeOnLoad (13ms)
		AwakeInstancesAfterBackupRestoration (25ms)
Refreshing native plugins compatible for Editor in 2.61 ms, found 4 plugins.
Unloading 22 Unused Serialized files (Serialized files now loaded: 0)
Unloading 6488 unused Assets / (6.4 MB). Loaded Objects now: 7434.
Memory consumption went from 346.5 MB to 340.1 MB.
Total: 13.295000 ms (FindLiveObjects: 0.769100 ms CreateObjectMapping: 2.773000 ms MarkObjects: 6.358500 ms  DeleteObjects: 3.393000 ms)

Prepare: number of updated asset objects reloaded= 0
========================================================================
Received Import Request.
  Time of request: 2026-07-10T05:09:20.0404827Z
  Time since last request: 471.65270980000003 seconds.
  importAddress: GUID: f3b31cbd33881ea45b60b6409890341e - Path: Assets/scripts/PlayerShooter.cs - Importer: PreviewImporter
Importing 'GUID: f3b31cbd33881ea45b60b6409890341e - Path: Assets/scripts/PlayerShooter.cs - Importer: PreviewImporter' with importer (PreviewImporter)
Imported 'GUID: f3b31cbd33881ea45b60b6409890341e' -> (Import Result ID: '94aa68c0180dcb9ae7f8db90255b7365') in 0.002 seconds [static and dynamic dependencies]. Details - ImportResultOutputID=7fffa87fd469925c702e882df9f38d53 DependenciesID=cab5c95187ee355836bbb69f91f23a0f StaticDependenciesID=eef771450b2e94a92ab2853443579761 
Number of updated asset objects reloaded before import = 0
Number of asset objects unloaded after import = 0
========================================================================
Received Prepare
AcceleratorClientConnectionCallback - disconnected - :0
[Licensing::Client] Successfully resolved entitlement details
Begin MonoManager ReloadAssembly
Refreshing native plugins compatible for Editor in 2.47 ms, found 4 plugins.
Native extension for WindowsStandalone target not found
Native extension for WebGL target not found
[Package Manager] Failed to launch server process. Reason: Unity was launched with the -noUpm command-line argument
[Package Manager] Unable to send message (not connected to server process).
[Package Manager] Cannot connect to Unity Package Manager local server
[Package Manager] Failed to launch server process. Reason: Unity was launched with the -noUpm command-line argument
[Package Manager] Unable to send message (not connected to server process).
[Package Manager] Cannot connect to Unity Package Manager local server
ScheduleIndexationOnStartup MainProcess:False IndexOnStartup:True
Mono: successfully reloaded assembly
- Finished resetting the current domain, in  0.861 seconds
Domain Reload Profiling: 1705ms
	BeginReloadAssembly (256ms)
		DisableScriptedObjects (6ms)
		CreateAndSetChildDomain (51ms)
	RebuildCommonClasses (10ms)
	RebuildNativeTypeToScriptingClass (19ms)
	initialDomainReloadingComplete (86ms)
	LoadAllAssembliesAndSetupDomain (471ms)
		LoadAssemblies (414ms)
		AnalyzeDomain (21ms)
			TypeCache.Refresh (7ms)
			ResolveRequiredComponents (9ms)
	FinalizeReload (863ms)
		SetupLoadedEditorAssemblies (0ms)
			InitializePlatformSupportModulesInManaged (3ms)
			BeforeProcessingInitializeOnLoad (107ms)
			ProcessInitializeOnLoadAttributes (341ms)
			ProcessInitializeOnLoadMethodAttributes (143ms)
			AfterProcessingInitializeOnLoad (13ms)
		AwakeInstancesAfterBackupRestoration (25ms)
Refreshing native plugins compatible for Editor in 2.94 ms, found 4 plugins.
Unloading 22 Unused Serialized files (Serialized files now loaded: 0)
Unloading 6488 unused Assets / (6.3 MB). Loaded Objects now: 7437.
Memory consumption went from 349.6 MB to 343.3 MB.
Total: 13.706500 ms (FindLiveObjects: 0.751600 ms CreateObjectMapping: 2.846400 ms MarkObjects: 6.871300 ms  DeleteObjects: 3.235900 ms)

Prepare: number of updated asset objects reloaded= 0
========================================================================
Received Prepare
AcceleratorClientConnectionCallback - disconnected - :0
[Licensing::Client] Successfully resolved entitlement details
Begin MonoManager ReloadAssembly
Refreshing native plugins compatible for Editor in 2.66 ms, found 4 plugins.
Native extension for WindowsStandalone target not found
Native extension for WebGL target not found
[Package Manager] Failed to launch server process. Reason: Unity was launched with the -noUpm command-line argument
[Package Manager] Unable to send message (not connected to server process).
[Package Manager] Cannot connect to Unity Package Manager local server
[Package Manager] Failed to launch server process. Reason: Unity was launched with the -noUpm command-line argument
[Package Manager] Unable to send message (not connected to server process).
[Package Manager] Cannot connect to Unity Package Manager local server
ScheduleIndexationOnStartup MainProcess:False IndexOnStartup:True
Mono: successfully reloaded assembly
- Finished resetting the current domain, in  0.994 seconds
Domain Reload Profiling: 1824ms
	BeginReloadAssembly (254ms)
		DisableScriptedObjects (8ms)
		CreateAndSetChildDomain (53ms)
	RebuildCommonClasses (11ms)
	RebuildNativeTypeToScriptingClass (20ms)
	initialDomainReloadingComplete (82ms)
	LoadAllAssembliesAndSetupDomain (463ms)
		LoadAssemblies (405ms)
		AnalyzeDomain (23ms)
			TypeCache.Refresh (8ms)
			ResolveRequiredComponents (10ms)
	FinalizeReload (996ms)
		SetupLoadedEditorAssemblies (0ms)
			InitializePlatformSupportModulesInManaged (3ms)
			BeforeProcessingInitializeOnLoad (118ms)
			ProcessInitializeOnLoadAttributes (401ms)
			ProcessInitializeOnLoadMethodAttributes (162ms)
			AfterProcessingInitializeOnLoad (17ms)
		AwakeInstancesAfterBackupRestoration (31ms)
Refreshing native plugins compatible for Editor in 3.97 ms, found 4 plugins.
Unloading 22 Unused Serialized files (Serialized files now loaded: 0)
Unloading 6488 unused Assets / (6.0 MB). Loaded Objects now: 7440.
Memory consumption went from 352.4 MB to 346.4 MB.
Total: 16.669800 ms (FindLiveObjects: 0.847200 ms CreateObjectMapping: 3.508500 ms MarkObjects: 8.497500 ms  DeleteObjects: 3.815500 ms)

Prepare: number of updated asset objects reloaded= 0
========================================================================
Received Prepare
AcceleratorClientConnectionCallback - disconnected - :0
Begin MonoManager ReloadAssembly
Refreshing native plugins compatible for Editor in 2.27 ms, found 4 plugins.
Native extension for WindowsStandalone target not found
Native extension for WebGL target not found
[Package Manager] Failed to launch server process. Reason: Unity was launched with the -noUpm command-line argument
[Package Manager] Unable to send message (not connected to server process).
[Package Manager] Cannot connect to Unity Package Manager local server
[Package Manager] Failed to launch server process. Reason: Unity was launched with the -noUpm command-line argument
[Package Manager] Unable to send message (not connected to server process).
[Package Manager] Cannot connect to Unity Package Manager local server
ScheduleIndexationOnStartup MainProcess:False IndexOnStartup:True
Mono: successfully reloaded assembly
- Finished resetting the current domain, in  0.870 seconds
Domain Reload Profiling: 1700ms
	BeginReloadAssembly (250ms)
		DisableScriptedObjects (7ms)
		CreateAndSetChildDomain (50ms)
	RebuildCommonClasses (11ms)
	RebuildNativeTypeToScriptingClass (19ms)
	initialDomainReloadingComplete (82ms)
	LoadAllAssembliesAndSetupDomain (467ms)
		LoadAssemblies (406ms)
		AnalyzeDomain (22ms)
			TypeCache.Refresh (7ms)
			ResolveRequiredComponents (10ms)
	FinalizeReload (872ms)
		SetupLoadedEditorAssemblies (0ms)
			InitializePlatformSupportModulesInManaged (3ms)
			BeforeProcessingInitializeOnLoad (106ms)
			ProcessInitializeOnLoadAttributes (352ms)
			ProcessInitializeOnLoadMethodAttributes (137ms)
			AfterProcessingInitializeOnLoad (11ms)
		AwakeInstancesAfterBackupRestoration (24ms)
Refreshing native plugins compatible for Editor in 2.73 ms, found 4 plugins.
Unloading 22 Unused Serialized files (Serialized files now loaded: 0)
Unloading 6488 unused Assets / (6.2 MB). Loaded Objects now: 7443.
Memory consumption went from 355.2 MB to 349.0 MB.
Total: 12.960100 ms (FindLiveObjects: 0.741600 ms CreateObjectMapping: 3.319400 ms MarkObjects: 5.906400 ms  DeleteObjects: 2.992100 ms)

Prepare: number of updated asset objects reloaded= 0
========================================================================
Received Prepare
AcceleratorClientConnectionCallback - disconnected - :0
[Licensing::Client] Successfully resolved entitlement details
Begin MonoManager ReloadAssembly
Refreshing native plugins compatible for Editor in 2.19 ms, found 4 plugins.
Native extension for WindowsStandalone target not found
Native extension for WebGL target not found
[Package Manager] Failed to launch server process. Reason: Unity was launched with the -noUpm command-line argument
[Package Manager] Unable to send message (not connected to server process).
[Package Manager] Cannot connect to Unity Package Manager local server
[Package Manager] Failed to launch server process. Reason: Unity was launched with the -noUpm command-line argument
[Package Manager] Unable to send message (not connected to server process).
[Package Manager] Cannot connect to Unity Package Manager local server
ScheduleIndexationOnStartup MainProcess:False IndexOnStartup:True
Mono: successfully reloaded assembly
- Finished resetting the current domain, in  0.875 seconds
Domain Reload Profiling: 1730ms
	BeginReloadAssembly (256ms)
		DisableScriptedObjects (10ms)
		CreateAndSetChildDomain (49ms)
	RebuildCommonClasses (10ms)
	RebuildNativeTypeToScriptingClass (27ms)
	initialDomainReloadingComplete (83ms)
	LoadAllAssembliesAndSetupDomain (480ms)
		LoadAssemblies (420ms)
		AnalyzeDomain (24ms)
			TypeCache.Refresh (8ms)
			ResolveRequiredComponents (10ms)
	FinalizeReload (876ms)
		SetupLoadedEditorAssemblies (0ms)
			InitializePlatformSupportModulesInManaged (3ms)
			BeforeProcessingInitializeOnLoad (105ms)
			ProcessInitializeOnLoadAttributes (359ms)
			ProcessInitializeOnLoadMethodAttributes (133ms)
			AfterProcessingInitializeOnLoad (11ms)
		AwakeInstancesAfterBackupRestoration (23ms)
Refreshing native plugins compatible for Editor in 2.54 ms, found 4 plugins.
Unloading 22 Unused Serialized files (Serialized files now loaded: 0)
Unloading 6488 unused Assets / (6.2 MB). Loaded Objects now: 7446.
Memory consumption went from 357.9 MB to 351.7 MB.
Total: 12.880600 ms (FindLiveObjects: 1.022800 ms CreateObjectMapping: 2.995000 ms MarkObjects: 5.109400 ms  DeleteObjects: 3.752400 ms)

Prepare: number of updated asset objects reloaded= 0
========================================================================
Received Prepare
AcceleratorClientConnectionCallback - disconnected - :0
[Licensing::Client] Successfully resolved entitlement details
Begin MonoManager ReloadAssembly
Refreshing native plugins compatible for Editor in 2.13 ms, found 4 plugins.
Native extension for WindowsStandalone target not found
Native extension for WebGL target not found
[Package Manager] Failed to launch server process. Reason: Unity was launched with the -noUpm command-line argument
[Package Manager] Unable to send message (not connected to server process).
[Package Manager] Cannot connect to Unity Package Manager local server
[Package Manager] Failed to launch server process. Reason: Unity was launched with the -noUpm command-line argument
[Package Manager] Unable to send message (not connected to server process).
[Package Manager] Cannot connect to Unity Package Manager local server
ScheduleIndexationOnStartup MainProcess:False IndexOnStartup:True
Mono: successfully reloaded assembly
- Finished resetting the current domain, in  0.863 seconds
Domain Reload Profiling: 1710ms
	BeginReloadAssembly (256ms)
		DisableScriptedObjects (7ms)
		CreateAndSetChildDomain (52ms)
	RebuildCommonClasses (10ms)
	RebuildNativeTypeToScriptingClass (21ms)
	initialDomainReloadingComplete (89ms)
	LoadAllAssembliesAndSetupDomain (469ms)
		LoadAssemblies (413ms)
		AnalyzeDomain (21ms)
			TypeCache.Refresh (7ms)
			ResolveRequiredComponents (10ms)
	FinalizeReload (864ms)
		SetupLoadedEditorAssemblies (0ms)
			InitializePlatformSupportModulesInManaged (3ms)
			BeforeProcessingInitializeOnLoad (104ms)
			ProcessInitializeOnLoadAttributes (347ms)
			ProcessInitializeOnLoadMethodAttributes (134ms)
			AfterProcessingInitializeOnLoad (12ms)
		AwakeInstancesAfterBackupRestoration (27ms)
Refreshing native plugins compatible for Editor in 2.97 ms, found 4 plugins.
Unloading 22 Unused Serialized files (Serialized files now loaded: 0)
Unloading 6488 unused Assets / (7.1 MB). Loaded Objects now: 7449.
Memory consumption went from 360.8 MB to 353.7 MB.
Total: 15.485600 ms (FindLiveObjects: 0.985400 ms CreateObjectMapping: 2.749100 ms MarkObjects: 7.388500 ms  DeleteObjects: 4.361600 ms)

Prepare: number of updated asset objects reloaded= 0
========================================================================
Received Prepare
AcceleratorClientConnectionCallback - disconnected - :0
[Licensing::Client] Successfully resolved entitlement details
Begin MonoManager ReloadAssembly
Refreshing native plugins compatible for Editor in 2.50 ms, found 4 plugins.
Native extension for WindowsStandalone target not found
Native extension for WebGL target not found
[Package Manager] Failed to launch server process. Reason: Unity was launched with the -noUpm command-line argument
[Package Manager] Unable to send message (not connected to server process).
[Package Manager] Cannot connect to Unity Package Manager local server
[Package Manager] Failed to launch server process. Reason: Unity was launched with the -noUpm command-line argument
[Package Manager] Unable to send message (not connected to server process).
[Package Manager] Cannot connect to Unity Package Manager local server
ScheduleIndexationOnStartup MainProcess:False IndexOnStartup:True
Mono: successfully reloaded assembly
- Finished resetting the current domain, in  0.825 seconds
Domain Reload Profiling: 1616ms
	BeginReloadAssembly (244ms)
		DisableScriptedObjects (7ms)
		CreateAndSetChildDomain (50ms)
	RebuildCommonClasses (10ms)
	RebuildNativeTypeToScriptingClass (18ms)
	initialDomainReloadingComplete (78ms)
	LoadAllAssembliesAndSetupDomain (440ms)
		LoadAssemblies (387ms)
		AnalyzeDomain (21ms)
			TypeCache.Refresh (7ms)
			ResolveRequiredComponents (9ms)
	FinalizeReload (826ms)
		SetupLoadedEditorAssemblies (0ms)
			InitializePlatformSupportModulesInManaged (3ms)
			BeforeProcessingInitializeOnLoad (103ms)
			ProcessInitializeOnLoadAttributes (323ms)
			ProcessInitializeOnLoadMethodAttributes (133ms)
			AfterProcessingInitializeOnLoad (11ms)
		AwakeInstancesAfterBackupRestoration (23ms)
Refreshing native plugins compatible for Editor in 3.18 ms, found 4 plugins.
Unloading 22 Unused Serialized files (Serialized files now loaded: 0)
Unloading 6488 unused Assets / (6.4 MB). Loaded Objects now: 7452.
Memory consumption went from 363.6 MB to 357.2 MB.
Total: 12.191900 ms (FindLiveObjects: 0.827800 ms CreateObjectMapping: 2.737100 ms MarkObjects: 5.692300 ms  DeleteObjects: 2.933800 ms)

Prepare: number of updated asset objects reloaded= 0
========================================================================
Received Prepare
AcceleratorClientConnectionCallback - disconnected - :0
[Licensing::Client] Successfully resolved entitlement details
Begin MonoManager ReloadAssembly
Refreshing native plugins compatible for Editor in 2.42 ms, found 4 plugins.
Native extension for WindowsStandalone target not found
Native extension for WebGL target not found
[Package Manager] Failed to launch server process. Reason: Unity was launched with the -noUpm command-line argument
[Package Manager] Unable to send message (not connected to server process).
[Package Manager] Cannot connect to Unity Package Manager local server
[Package Manager] Failed to launch server process. Reason: Unity was launched with the -noUpm command-line argument
[Package Manager] Unable to send message (not connected to server process).
[Package Manager] Cannot connect to Unity Package Manager local server
ScheduleIndexationOnStartup MainProcess:False IndexOnStartup:True
Mono: successfully reloaded assembly
- Finished resetting the current domain, in  0.874 seconds
Domain Reload Profiling: 1673ms
	BeginReloadAssembly (242ms)
		DisableScriptedObjects (7ms)
		CreateAndSetChildDomain (48ms)
	RebuildCommonClasses (10ms)
	RebuildNativeTypeToScriptingClass (19ms)
	initialDomainReloadingComplete (77ms)
	LoadAllAssembliesAndSetupDomain (450ms)
		LoadAssemblies (395ms)
		AnalyzeDomain (20ms)
			TypeCache.Refresh (7ms)
			ResolveRequiredComponents (9ms)
	FinalizeReload (876ms)
		SetupLoadedEditorAssemblies (0ms)
			InitializePlatformSupportModulesInManaged (4ms)
			BeforeProcessingInitializeOnLoad (110ms)
			ProcessInitializeOnLoadAttributes (358ms)
			ProcessInitializeOnLoadMethodAttributes (131ms)
			AfterProcessingInitializeOnLoad (12ms)
		AwakeInstancesAfterBackupRestoration (27ms)
Refreshing native plugins compatible for Editor in 2.23 ms, found 4 plugins.
Unloading 22 Unused Serialized files (Serialized files now loaded: 0)
Unloading 6488 unused Assets / (6.3 MB). Loaded Objects now: 7455.
Memory consumption went from 366.4 MB to 360.1 MB.
Total: 13.064600 ms (FindLiveObjects: 0.734400 ms CreateObjectMapping: 2.666100 ms MarkObjects: 6.729000 ms  DeleteObjects: 2.934300 ms)

Prepare: number of updated asset objects reloaded= 0
========================================================================
Received Prepare
AcceleratorClientConnectionCallback - disconnected - :0
[Licensing::Client] Successfully resolved entitlement details
Begin MonoManager ReloadAssembly
Refreshing native plugins compatible for Editor in 2.55 ms, found 4 plugins.
Native extension for WindowsStandalone target not found
Native extension for WebGL target not found
[Package Manager] Failed to launch server process. Reason: Unity was launched with the -noUpm command-line argument
[Package Manager] Unable to send message (not connected to server process).
[Package Manager] Cannot connect to Unity Package Manager local server
[Package Manager] Failed to launch server process. Reason: Unity was launched with the -noUpm command-line argument
[Package Manager] Unable to send message (not connected to server process).
[Package Manager] Cannot connect to Unity Package Manager local server
ScheduleIndexationOnStartup MainProcess:False IndexOnStartup:True
Mono: successfully reloaded assembly
- Finished resetting the current domain, in  0.840 seconds
Domain Reload Profiling: 1660ms
	BeginReloadAssembly (244ms)
		DisableScriptedObjects (7ms)
		CreateAndSetChildDomain (49ms)
	RebuildCommonClasses (10ms)
	RebuildNativeTypeToScriptingClass (22ms)
	initialDomainReloadingComplete (76ms)
	LoadAllAssembliesAndSetupDomain (467ms)
		LoadAssemblies (417ms)
		AnalyzeDomain (21ms)
			TypeCache.Refresh (7ms)
			ResolveRequiredComponents (9ms)
	FinalizeReload (841ms)
		SetupLoadedEditorAssemblies (0ms)
			InitializePlatformSupportModulesInManaged (3ms)
			BeforeProcessingInitializeOnLoad (108ms)
			ProcessInitializeOnLoadAttributes (326ms)
			ProcessInitializeOnLoadMethodAttributes (131ms)
			AfterProcessingInitializeOnLoad (11ms)
		AwakeInstancesAfterBackupRestoration (23ms)
Refreshing native plugins compatible for Editor in 2.79 ms, found 4 plugins.
Unloading 22 Unused Serialized files (Serialized files now loaded: 0)
Unloading 6488 unused Assets / (6.6 MB). Loaded Objects now: 7458.
Memory consumption went from 369.2 MB to 362.6 MB.
Total: 12.600200 ms (FindLiveObjects: 0.755200 ms CreateObjectMapping: 2.690000 ms MarkObjects: 5.672800 ms  DeleteObjects: 3.481300 ms)

Prepare: number of updated asset objects reloaded= 0
========================================================================
Received Prepare
AcceleratorClientConnectionCallback - disconnected - :0
[Licensing::Client] Successfully resolved entitlement details
Begin MonoManager ReloadAssembly
Refreshing native plugins compatible for Editor in 2.40 ms, found 4 plugins.
Native extension for WindowsStandalone target not found
Native extension for WebGL target not found
[Package Manager] Failed to launch server process. Reason: Unity was launched with the -noUpm command-line argument
[Package Manager] Unable to send message (not connected to server process).
[Package Manager] Cannot connect to Unity Package Manager local server
[Package Manager] Failed to launch server process. Reason: Unity was launched with the -noUpm command-line argument
[Package Manager] Unable to send message (not connected to server process).
[Package Manager] Cannot connect to Unity Package Manager local server
ScheduleIndexationOnStartup MainProcess:False IndexOnStartup:True
Mono: successfully reloaded assembly
- Finished resetting the current domain, in  0.860 seconds
Domain Reload Profiling: 1667ms
	BeginReloadAssembly (246ms)
		DisableScriptedObjects (7ms)
		CreateAndSetChildDomain (50ms)
	RebuildCommonClasses (10ms)
	RebuildNativeTypeToScriptingClass (18ms)
	initialDomainReloadingComplete (80ms)
	LoadAllAssembliesAndSetupDomain (451ms)
		LoadAssemblies (398ms)
		AnalyzeDomain (19ms)
			TypeCache.Refresh (7ms)
			ResolveRequiredComponents (9ms)
	FinalizeReload (861ms)
		SetupLoadedEditorAssemblies (0ms)
			InitializePlatformSupportModulesInManaged (3ms)
			BeforeProcessingInitializeOnLoad (107ms)
			ProcessInitializeOnLoadAttributes (334ms)
			ProcessInitializeOnLoadMethodAttributes (137ms)
			AfterProcessingInitializeOnLoad (12ms)
		AwakeInstancesAfterBackupRestoration (24ms)
Refreshing native plugins compatible for Editor in 3.13 ms, found 4 plugins.
Unloading 22 Unused Serialized files (Serialized files now loaded: 0)
Unloading 6488 unused Assets / (6.2 MB). Loaded Objects now: 7461.
Memory consumption went from 372.0 MB to 365.8 MB.
Total: 12.934700 ms (FindLiveObjects: 0.785700 ms CreateObjectMapping: 2.807500 ms MarkObjects: 6.073600 ms  DeleteObjects: 3.267200 ms)

Prepare: number of updated asset objects reloaded= 0
========================================================================
Received Prepare
AcceleratorClientConnectionCallback - disconnected - :0
Refreshing native plugins compatible for Editor in 2.78 ms, found 4 plugins.
Unloading 22 Unused Serialized files (Serialized files now loaded: 0)
Unloading 22 unused Assets / (2.6 MB). Loaded Objects now: 7461.
Memory consumption went from 370.1 MB to 367.5 MB.
Total: 8.145500 ms (FindLiveObjects: 0.433900 ms CreateObjectMapping: 1.053900 ms MarkObjects: 6.032200 ms  DeleteObjects: 0.624700 ms)

Prepare: number of updated asset objects reloaded= 0
========================================================================
Received Prepare
AcceleratorClientConnectionCallback - disconnected - :0
Refreshing native plugins compatible for Editor in 3.12 ms, found 4 plugins.
Unloading 22 Unused Serialized files (Serialized files now loaded: 0)
Unloading 22 unused Assets / (2.6 MB). Loaded Objects now: 7461.
Memory consumption went from 372.9 MB to 370.3 MB.
Total: 11.821700 ms (FindLiveObjects: 0.592700 ms CreateObjectMapping: 1.551500 ms MarkObjects: 8.963800 ms  DeleteObjects: 0.712100 ms)

Prepare: number of updated asset objects reloaded= 0
Editor requested this worker to shutdown with reason: Editor is closing down
AcceleratorClientConnectionCallback - disconnected - :0
AssetImportWorker is now disconnected from the server
Process exiting
Exiting without the bug reporter. Application will terminate with return code 0