[2026-07-12T04:41:36.604Z][INFO] Command-line: 'C:\\Program Files\\Unity\\Hub\\Editor\\6000.5.1f1\\Editor\\Data\\Resources\\PackageManager\\Server\\UnityPackageManager.exe' server -s 4876 --ipc-path Unity-Upm-4876 -l 2 --log-file 'C:\\Users\\elias\\My project (8)\\My project (1)/Logs/upm.log'
[2026-07-12T04:41:36.666Z][INFO] IPC server started (IPC path=Unity-Upm-4876).
[2026-07-12T04:41:36.666Z][INFO] Hint: To connect to this UPM instance, launch Unity with the command-line parameter -upmIpcPath Upm-4876.
[2026-07-12T04:41:55.481Z][INFO] project:list-packages <-- Request received
params: {}
[2026-07-12T04:41:55.690Z][INFO] config:project:get-registries <-- Request received
params: {}
[2026-07-12T04:41:55.718Z][INFO] project:list-packages <-- Request received
params: {}
[2026-07-12T04:41:56.488Z][INFO] config:project:get-registries --> 200 (798 ms)
[2026-07-12T04:41:56.599Z][INFO] project:list-packages --> 200 (1118 ms)
[2026-07-12T04:41:56.605Z][INFO] project:list-packages --> 200 (887 ms)
[2026-07-12T04:42:13.588Z][INFO] project:list-packages <-- Request received
params: {}
[2026-07-12T04:42:13.618Z][INFO] project:list-packages <-- Request received
params: {}
[2026-07-12T04:42:13.733Z][INFO] project:list-packages --> 200 (145 ms)
[2026-07-12T04:42:13.769Z][INFO] project:list-packages --> 200 (151 ms)
[2026-07-12T04:42:16.034Z][INFO] project:list-packages <-- Request received
params: {}
[2026-07-12T04:42:16.129Z][INFO] project:list-packages --> 200 (95 ms)
[2026-07-12T04:42:16.301Z][INFO] config:project:get-registries <-- Request received
params: {}
[2026-07-12T04:42:16.305Z][INFO] config:project:get-registries --> 200 (4 ms)
[2026-07-12T04:42:20.950Z][INFO] project:list-packages <-- Request received
params: {}
[2026-07-12T04:42:21.086Z][INFO] project:list-packages --> 200 (136 ms)
[2026-07-12T04:42:30.845Z][INFO] project:list-packages <-- Request received
params: {}
[2026-07-12T04:42:30.992Z][INFO] project:list-packages --> 200 (147 ms)
[2026-07-12T04:42:31.268Z][INFO] project:list-packages <-- Request received
params: {}
[2026-07-12T04:42:31.377Z][INFO] project:list-packages --> 200 (109 ms)
[2026-07-12T04:42:31.395Z][INFO] config:project:get-registries <-- Request received
params: {}
[2026-07-12T04:42:31.398Z][INFO] config:project:get-registries --> 200 (3 ms)
[2026-07-12T04:42:56.515Z][INFO] project:list-packages <-- Request received
params: {}
[2026-07-12T04:42:56.615Z][INFO] project:list-packages --> 200 (99 ms)
[2026-07-12T04:42:56.917Z][INFO] project:list-packages <-- Request received
params: {}
[2026-07-12T04:42:57.028Z][INFO] project:list-packages --> 200 (111 ms)
[2026-07-12T04:42:57.045Z][INFO] config:project:get-registries <-- Request received
params: {}
[2026-07-12T04:42:57.048Z][INFO] config:project:get-registries --> 200 (3 ms)
